2018-07-2500:26:20[org.springframework.test.context.support.DefaultTestContextBootstrapper][main:0]-[INFO]Loaded default TestExecutionListener class names from location [META-INF/spring.factories]: [org.springframework.test.context.web.ServletTestExecutionListener, org.springframework.test.context.support.DirtiesContextBeforeModesTestExecutionListener, org.springframework.test.context.support.DependencyInjectionTestExecutionListener, org.springframework.test.context.support.DirtiesContextTestExecutionListener, org.springframework.test.context.transaction.TransactionalTestExecutionListener, org.springframework.test.context.jdbc.SqlScriptsTestExecutionListener]
2018-07-2500:26:21[org.springframework.test.context.support.DefaultTestContextBootstrapper][main:187]-[INFO]Using TestExecutionListeners: [org.springframework.test.context.web.ServletTestExecutionListener@5bc79255, org.springframework.test.context.support.DirtiesContextBeforeModesTestExecutionListener@47ef968d, org.springframework.test.context.support.DependencyInjectionTestExecutionListener@23e028a9, org.springframework.test.context.support.DirtiesContextTestExecutionListener@3dd4520b, org.springframework.test.context.transaction.TransactionalTestExecutionListener@5ae63ade, org.springframework.test.context.jdbc.SqlScriptsTestExecutionListener@610694f1]
2018-07-2500:26:21[org.springframework.beans.factory.xml.XmlBeanDefinitionReader][main:766]-[INFO]Loading XML bean definitions from class path resource [applicationContext.xml]
2018-07-2500:26:23[org.springframework.context.support.GenericApplicationContext][main:2206]-[INFO]Refreshing org.springframework.context.support.GenericApplicationContext@17d677df: startup date [Wed Jul 25 00:26:23 CST 2018]; root of context hierarchy
2018-07-2500:26:24[com.mchange.v2.log.MLog][MLog-Init-Reporter:3755]-[INFO]MLog clients using slf4j logging.
2018-07-2500:26:26[com.mchange.v2.c3p0.C3P0Registry][main:5270]-[INFO]Initializing c3p0-0.9.5.2 [built 08-December-2015 22:06:04 -0800; debug? true; trace: 10]
2018-07-2500:26:32[com.mchange.v2.c3p0.impl.AbstractPoolBackedDataSource][main:11633]-[INFO]Initializing c3p0 pool... com.mchange.v2.c3p0.ComboPooledDataSource [ acquireIncrement -> 5, acquireRetryAttempts -> 30, acquireRetryDelay -> 1000, autoCommitOnClose -> false, automaticTestTable -> null, breakAfterAcquireFailure -> false, checkoutTimeout -> 30000, connectionCustomizerClassName -> null, connectionTesterClassName -> com.mchange.v2.c3p0.impl.DefaultConnectionTester, contextClassLoaderSource -> caller, dataSourceName -> 1hge13a9w1kwtg7z6igncw|1cbb87f3, debugUnreturnedConnectionStackTraces -> false, description -> null, driverClass -> com.mysql.jdbc.Driver, extensions -> {}, factoryClassLocation -> null, forceIgnoreUnresolvedTransactions -> false, forceSynchronousCheckins -> false, forceUseNamedDriverClass -> false, identityToken -> 1hge13a9w1kwtg7z6igncw|1cbb87f3, idleConnectionTestPeriod -> 60, initialPoolSize -> 5, jdbcUrl -> jdbc:mysql://127.0.0.1:3306/ssm_crud?useUnicode=true&characterEncoding=utf-8, maxAdministrativeTaskTime -> 0, maxConnectionAge -> 0, maxIdleTime -> 60, maxIdleTimeExcessConnections -> 0, maxPoolSize -> 20, maxStatements -> 0, maxStatementsPerConnection -> 0, minPoolSize -> 5, numHelperThreads -> 3, preferredTestQuery -> null, privilegeSpawnedThreads -> false, properties -> {user=******, password=******}, propertyCycle -> 0, statementCacheNumDeferredCloseThreads -> 0, testConnectionOnCheckin -> false, testConnectionOnCheckout -> false, unreturnedConnectionTimeout -> 0, userOverrides -> {}, usesTraditionalReflectiveProxies -> false ]
2018-07-2500:26:42[com.lc.ssm.TestCrud][main:21585]-[INFO]Success!
2018-07-2500:26:42[org.springframework.context.support.GenericApplicationContext][Thread-1:21591]-[INFO]Closing org.springframework.context.support.GenericApplicationContext@17d677df: startup date [Wed Jul 25 00:26:23 CST 2018]; root of context hierarchy
2018-07-2501:10:48[org.springframework.test.context.support.DefaultTestContextBootstrapper][main:0]-[INFO]Loaded default TestExecutionListener class names from location [META-INF/spring.factories]: [org.springframework.test.context.web.ServletTestExecutionListener, org.springframework.test.context.support.DirtiesContextBeforeModesTestExecutionListener, org.springframework.test.context.support.DependencyInjectionTestExecutionListener, org.springframework.test.context.support.DirtiesContextTestExecutionListener, org.springframework.test.context.transaction.TransactionalTestExecutionListener, org.springframework.test.context.jdbc.SqlScriptsTestExecutionListener]
2018-07-2501:10:48[org.springframework.test.context.support.DefaultTestContextBootstrapper][main:153]-[INFO]Using TestExecutionListeners: [org.springframework.test.context.web.ServletTestExecutionListener@5bc79255, org.springframework.test.context.support.DirtiesContextBeforeModesTestExecutionListener@47ef968d, org.springframework.test.context.support.DependencyInjectionTestExecutionListener@23e028a9, org.springframework.test.context.support.DirtiesContextTestExecutionListener@3dd4520b, org.springframework.test.context.transaction.TransactionalTestExecutionListener@5ae63ade, org.springframework.test.context.jdbc.SqlScriptsTestExecutionListener@610694f1]
2018-07-2501:10:48[org.springframework.beans.factory.xml.XmlBeanDefinitionReader][main:383]-[INFO]Loading XML bean definitions from class path resource [applicationContext.xml]
2018-07-2501:10:49[org.springframework.context.support.GenericApplicationContext][main:1099]-[INFO]Refreshing org.springframework.context.support.GenericApplicationContext@17d677df: startup date [Wed Jul 25 01:10:49 CST 2018]; root of context hierarchy
2018-07-2501:10:50[com.mchange.v2.log.MLog][MLog-Init-Reporter:2134]-[INFO]MLog clients using slf4j logging.
2018-07-2501:10:51[com.mchange.v2.c3p0.C3P0Registry][main:2798]-[INFO]Initializing c3p0-0.9.5.2 [built 08-December-2015 22:06:04 -0800; debug? true; trace: 10]
2018-07-2501:10:52[org.springframework.context.support.GenericApplicationContext][Thread-1:4473]-[INFO]Closing org.springframework.context.support.GenericApplicationContext@17d677df: startup date [Wed Jul 25 01:10:49 CST 2018]; root of context hierarchy
2018-07-2501:11:20[org.springframework.test.context.web.WebTestContextBootstrapper][main:0]-[INFO]Loaded default TestExecutionListener class names from location [META-INF/spring.factories]: [org.springframework.test.context.web.ServletTestExecutionListener, org.springframework.test.context.support.DirtiesContextBeforeModesTestExecutionListener, org.springframework.test.context.support.DependencyInjectionTestExecutionListener, org.springframework.test.context.support.DirtiesContextTestExecutionListener, org.springframework.test.context.transaction.TransactionalTestExecutionListener, org.springframework.test.context.jdbc.SqlScriptsTestExecutionListener]
2018-07-2501:11:20[org.springframework.test.context.web.WebTestContextBootstrapper][main:44]-[INFO]Using TestExecutionListeners: [org.springframework.test.context.web.ServletTestExecutionListener@5ae63ade, org.springframework.test.context.support.DirtiesContextBeforeModesTestExecutionListener@610694f1, org.springframework.test.context.support.DependencyInjectionTestExecutionListener@43814d18, org.springframework.test.context.support.DirtiesContextTestExecutionListener@5c5a1b69, org.springframework.test.context.transaction.TransactionalTestExecutionListener@3701eaf6, org.springframework.test.context.jdbc.SqlScriptsTestExecutionListener@627551fb]
2018-07-2501:11:20[org.springframework.beans.factory.xml.XmlBeanDefinitionReader][main:363]-[INFO]Loading XML bean definitions from class path resource [applicationContext.xml]
2018-07-2501:11:21[org.springframework.beans.factory.xml.XmlBeanDefinitionReader][main:964]-[INFO]Loading XML bean definitions from class path resource [springMVC.xml]
2018-07-2501:11:22[org.springframework.web.context.support.GenericWebApplicationContext][main:1826]-[INFO]Refreshing org.springframework.web.context.support.GenericWebApplicationContext@2a556333: startup date [Wed Jul 25 01:11:22 CST 2018]; root of context hierarchy
2018-07-2501:11:23[com.mchange.v2.log.MLog][MLog-Init-Reporter:3147]-[INFO]MLog clients using slf4j logging.
2018-07-2501:11:24[com.mchange.v2.c3p0.C3P0Registry][main:3788]-[INFO]Initializing c3p0-0.9.5.2 [built 08-December-2015 22:06:04 -0800; debug? true; trace: 10]
2018-07-2501:11:26[org.springframework.web.servlet.mvc.method.annotation.RequestMappingHandlerMapping][main:5730]-[INFO]Mapped "{[/emp/getEmps]}" onto public org.springframework.web.servlet.ModelAndView com.lc.ssm.controller.EmployeeController.getEmps(java.lang.Integer)
2018-07-2501:11:26[org.hibernate.validator.internal.util.Version][main:5901]-[INFO]HV000001: Hibernate Validator 5.4.1.Final
2018-07-2501:11:27[org.springframework.web.servlet.mvc.method.annotation.RequestMappingHandlerAdapter][main:7292]-[INFO]Looking for @ControllerAdvice: org.springframework.web.context.support.GenericWebApplicationContext@2a556333: startup date [Wed Jul 25 01:11:22 CST 2018]; root of context hierarchy
2018-07-2501:11:27[org.springframework.web.servlet.mvc.method.annotation.RequestMappingHandlerAdapter][main:7450]-[INFO]Looking for @ControllerAdvice: org.springframework.web.context.support.GenericWebApplicationContext@2a556333: startup date [Wed Jul 25 01:11:22 CST 2018]; root of context hierarchy
2018-07-2501:11:28[org.springframework.web.servlet.handler.SimpleUrlHandlerMapping][main:7581]-[INFO]Mapped URL path [/static/**] onto handler 'org.springframework.web.servlet.resource.ResourceHttpRequestHandler#0'
2018-07-2501:11:28[org.springframework.mock.web.MockServletContext][main:7891]-[INFO]Initializing Spring FrameworkServlet ''
2018-07-2501:11:28[org.springframework.test.web.servlet.TestDispatcherServlet][main:7891]-[INFO]FrameworkServlet '': initialization started
2018-07-2501:11:28[org.springframework.test.web.servlet.TestDispatcherServlet][main:7974]-[INFO]FrameworkServlet '': initialization completed in 82 ms
2018-07-2501:11:28[com.mchange.v2.c3p0.impl.AbstractPoolBackedDataSource][main:8490]-[INFO]Initializing c3p0 pool... com.mchange.v2.c3p0.ComboPooledDataSource [ acquireIncrement -> 5, acquireRetryAttempts -> 30, acquireRetryDelay -> 1000, autoCommitOnClose -> false, automaticTestTable -> null, breakAfterAcquireFailure -> false, checkoutTimeout -> 30000, connectionCustomizerClassName -> null, connectionTesterClassName -> com.mchange.v2.c3p0.impl.DefaultConnectionTester, contextClassLoaderSource -> caller, dataSourceName -> 1hge13a9w1kyfakte8d7yh|2ab4bc72, debugUnreturnedConnectionStackTraces -> false, description -> null, driverClass -> com.mysql.jdbc.Driver, extensions -> {}, factoryClassLocation -> null, forceIgnoreUnresolvedTransactions -> false, forceSynchronousCheckins -> false, forceUseNamedDriverClass -> false, identityToken -> 1hge13a9w1kyfakte8d7yh|2ab4bc72, idleConnectionTestPeriod -> 60, initialPoolSize -> 5, jdbcUrl -> jdbc:mysql://127.0.0.1:3306/ssm_crud?useUnicode=true&characterEncoding=utf-8, maxAdministrativeTaskTime -> 0, maxConnectionAge -> 0, maxIdleTime -> 60, maxIdleTimeExcessConnections -> 0, maxPoolSize -> 20, maxStatements -> 0, maxStatementsPerConnection -> 0, minPoolSize -> 5, numHelperThreads -> 3, preferredTestQuery -> null, privilegeSpawnedThreads -> false, properties -> {user=******, password=******}, propertyCycle -> 0, statementCacheNumDeferredCloseThreads -> 0, testConnectionOnCheckin -> false, testConnectionOnCheckout -> false, unreturnedConnectionTimeout -> 0, userOverrides -> {}, usesTraditionalReflectiveProxies -> false ]
2018-07-2501:11:30[org.springframework.web.context.support.GenericWebApplicationContext][Thread-1:9954]-[INFO]Closing org.springframework.web.context.support.GenericWebApplicationContext@2a556333: startup date [Wed Jul 25 01:11:22 CST 2018]; root of context hierarchy
2018-07-2501:13:09[org.springframework.test.context.web.WebTestContextBootstrapper][main:0]-[INFO]Loaded default TestExecutionListener class names from location [META-INF/spring.factories]: [org.springframework.test.context.web.ServletTestExecutionListener, org.springframework.test.context.support.DirtiesContextBeforeModesTestExecutionListener, org.springframework.test.context.support.DependencyInjectionTestExecutionListener, org.springframework.test.context.support.DirtiesContextTestExecutionListener, org.springframework.test.context.transaction.TransactionalTestExecutionListener, org.springframework.test.context.jdbc.SqlScriptsTestExecutionListener]
2018-07-2501:13:09[org.springframework.test.context.web.WebTestContextBootstrapper][main:44]-[INFO]Using TestExecutionListeners: [org.springframework.test.context.web.ServletTestExecutionListener@5ae63ade, org.springframework.test.context.support.DirtiesContextBeforeModesTestExecutionListener@610694f1, org.springframework.test.context.support.DependencyInjectionTestExecutionListener@43814d18, org.springframework.test.context.support.DirtiesContextTestExecutionListener@5c5a1b69, org.springframework.test.context.transaction.TransactionalTestExecutionListener@3701eaf6, org.springframework.test.context.jdbc.SqlScriptsTestExecutionListener@627551fb]
2018-07-2501:13:09[org.springframework.beans.factory.xml.XmlBeanDefinitionReader][main:281]-[INFO]Loading XML bean definitions from class path resource [applicationContext.xml]
2018-07-2501:13:09[org.springframework.beans.factory.xml.XmlBeanDefinitionReader][main:860]-[INFO]Loading XML bean definitions from class path resource [springMVC.xml]
2018-07-2501:13:10[org.springframework.web.context.support.GenericWebApplicationContext][main:1126]-[INFO]Refreshing org.springframework.web.context.support.GenericWebApplicationContext@2a556333: startup date [Wed Jul 25 01:13:10 CST 2018]; root of context hierarchy
2018-07-2501:13:11[com.mchange.v2.log.MLog][MLog-Init-Reporter:2233]-[INFO]MLog clients using slf4j logging.
2018-07-2501:13:12[com.mchange.v2.c3p0.C3P0Registry][main:3070]-[INFO]Initializing c3p0-0.9.5.2 [built 08-December-2015 22:06:04 -0800; debug? true; trace: 10]
2018-07-2501:13:14[org.springframework.web.servlet.mvc.method.annotation.RequestMappingHandlerMapping][main:4995]-[INFO]Mapped "{[/emp/getEmps]}" onto public org.springframework.web.servlet.ModelAndView com.lc.ssm.controller.EmployeeController.getEmps(java.lang.Integer)
2018-07-2501:13:14[org.hibernate.validator.internal.util.Version][main:5090]-[INFO]HV000001: Hibernate Validator 5.4.1.Final
2018-07-2501:13:14[org.springframework.web.servlet.mvc.method.annotation.RequestMappingHandlerAdapter][main:5778]-[INFO]Looking for @ControllerAdvice: org.springframework.web.context.support.GenericWebApplicationContext@2a556333: startup date [Wed Jul 25 01:13:10 CST 2018]; root of context hierarchy
2018-07-2501:13:15[org.springframework.web.servlet.mvc.method.annotation.RequestMappingHandlerAdapter][main:5895]-[INFO]Looking for @ControllerAdvice: org.springframework.web.context.support.GenericWebApplicationContext@2a556333: startup date [Wed Jul 25 01:13:10 CST 2018]; root of context hierarchy
2018-07-2501:13:15[org.springframework.web.servlet.handler.SimpleUrlHandlerMapping][main:6034]-[INFO]Mapped URL path [/static/**] onto handler 'org.springframework.web.servlet.resource.ResourceHttpRequestHandler#0'
2018-07-2501:13:15[org.springframework.mock.web.MockServletContext][main:6291]-[INFO]Initializing Spring FrameworkServlet ''
2018-07-2501:13:15[org.springframework.test.web.servlet.TestDispatcherServlet][main:6291]-[INFO]FrameworkServlet '': initialization started
2018-07-2501:13:15[org.springframework.test.web.servlet.TestDispatcherServlet][main:6327]-[INFO]FrameworkServlet '': initialization completed in 35 ms
2018-07-2501:13:15[com.mchange.v2.c3p0.impl.AbstractPoolBackedDataSource][main:6657]-[INFO]Initializing c3p0 pool... com.mchange.v2.c3p0.ComboPooledDataSource [ acquireIncrement -> 5, acquireRetryAttempts -> 30, acquireRetryDelay -> 1000, autoCommitOnClose -> false, automaticTestTable -> null, breakAfterAcquireFailure -> false, checkoutTimeout -> 30000, connectionCustomizerClassName -> null, connectionTesterClassName -> com.mchange.v2.c3p0.impl.DefaultConnectionTester, contextClassLoaderSource -> caller, dataSourceName -> 1hge13a9w1kyhlpb10knwax|3f4faf53, debugUnreturnedConnectionStackTraces -> false, description -> null, driverClass -> com.mysql.jdbc.Driver, extensions -> {}, factoryClassLocation -> null, forceIgnoreUnresolvedTransactions -> false, forceSynchronousCheckins -> false, forceUseNamedDriverClass -> false, identityToken -> 1hge13a9w1kyhlpb10knwax|3f4faf53, idleConnectionTestPeriod -> 60, initialPoolSize -> 5, jdbcUrl -> jdbc:mysql://127.0.0.1:3306/ssm_crud?useUnicode=true&characterEncoding=utf-8, maxAdministrativeTaskTime -> 0, maxConnectionAge -> 0, maxIdleTime -> 60, maxIdleTimeExcessConnections -> 0, maxPoolSize -> 20, maxStatements -> 0, maxStatementsPerConnection -> 0, minPoolSize -> 5, numHelperThreads -> 3, preferredTestQuery -> null, privilegeSpawnedThreads -> false, properties -> {user=******, password=******}, propertyCycle -> 0, statementCacheNumDeferredCloseThreads -> 0, testConnectionOnCheckin -> false, testConnectionOnCheckout -> false, unreturnedConnectionTimeout -> 0, userOverrides -> {}, usesTraditionalReflectiveProxies -> false ]
2018-07-2501:13:17[com.lc.ssm.MvcTest][main:8219]-[INFO]当前页码:1
2018-07-2501:13:17[com.lc.ssm.MvcTest][main:8219]-[INFO]总页数:23
2018-07-2501:13:17[com.lc.ssm.MvcTest][main:8220]-[INFO]总记录数:112
2018-07-2501:13:17[com.lc.ssm.MvcTest][main:8220]-[INFO]当前页需要显示的连续页码:
2018-07-2501:13:17[com.lc.ssm.MvcTest][main:8220]-[INFO] 1
2018-07-2501:13:17[com.lc.ssm.MvcTest][main:8221]-[INFO] 2
2018-07-2501:13:17[com.lc.ssm.MvcTest][main:8221]-[INFO] 3
2018-07-2501:13:17[com.lc.ssm.MvcTest][main:8221]-[INFO] 4
2018-07-2501:13:17[com.lc.ssm.MvcTest][main:8221]-[INFO] 5
2018-07-2501:13:17[com.lc.ssm.MvcTest][main:8221]-[INFO]员工Id:1
2018-07-2501:13:17[com.lc.ssm.MvcTest][main:8222]-[INFO]员工姓名:语风
2018-07-2501:13:17[com.lc.ssm.MvcTest][main:8222]-[INFO]员工Id:2
2018-07-2501:13:17[com.lc.ssm.MvcTest][main:8222]-[INFO]员工姓名:语风
2018-07-2501:13:17[com.lc.ssm.MvcTest][main:8223]-[INFO]员工Id:3
2018-07-2501:13:17[com.lc.ssm.MvcTest][main:8224]-[INFO]员工姓名:0f11b0
2018-07-2501:13:17[com.lc.ssm.MvcTest][main:8224]-[INFO]员工Id:4
2018-07-2501:13:17[com.lc.ssm.MvcTest][main:8224]-[INFO]员工姓名:7ae501
2018-07-2501:13:17[com.lc.ssm.MvcTest][main:8225]-[INFO]员工Id:5
2018-07-2501:13:17[com.lc.ssm.MvcTest][main:8225]-[INFO]员工姓名:150382
2018-07-2501:13:17[org.springframework.web.context.support.GenericWebApplicationContext][Thread-1:8231]-[INFO]Closing org.springframework.web.context.support.GenericWebApplicationContext@2a556333: startup date [Wed Jul 25 01:13:10 CST 2018]; root of context hierarchy
